<?xml version="1.0" encoding="UTF-8"?>
<testsuite xmlns:xsi="http://www.w3.org/2001/XMLSchema-instance" xsi:noNamespaceSchemaLocation="https://maven.apache.org/surefire/maven-surefire-plugin/xsd/surefire-test-report.xsd" name="TestSuite" time="37.392" tests="10" errors="0" skipped="0" failures="10">
  <properties>
[...]
</properties>
  <testcase name="testCase" classname="com.alg.test.executionengine.Executor" time="7.403">
    <failure type="java.lang.AssertionError">java.lang.AssertionError
	at com.alg.test.executionengine.Executor.testCase(Executor.java:174)
</failure>
    <system-err><![CDATA[Starting ChromeDriver 2.29.461591 (62ebf098771772160f391d75e589dc567915b233) on port 25806
Only local connections are allowed.
Starting ChromeDriver 2.29.461591 (62ebf098771772160f391d75e589dc567915b233) on port 46328
Only local connections are allowed.
Starting ChromeDriver 2.29.461591 (62ebf098771772160f391d75e589dc567915b233) on port 45080
Only local connections are allowed.
Feb 19, 2018 1:42:55 PM org.openqa.selenium.remote.ProtocolHandshake createSession
INFO: Detected dialect: OSS
Feb 19, 2018 1:42:55 PM org.openqa.selenium.remote.ProtocolHandshake createSession
INFO: Detected dialect: OSS
Feb 19, 2018 1:42:55 PM org.openqa.selenium.remote.ProtocolHandshake createSession
INFO: Detected dialect: OSS
]]></system-err>
  </testcase>
  <testcase name="testCase" classname="com.alg.test.executionengine.Executor" time="0.492">
    <failure type="java.lang.AssertionError">java.lang.AssertionError
	at com.alg.test.executionengine.Executor.testCase(Executor.java:174)
</failure>
    <system-err><![CDATA[Starting ChromeDriver 2.29.461591 (62ebf098771772160f391d75e589dc567915b233) on port 19109
Only local connections are allowed.
]]></system-err>
  </testcase>
  <testcase name="testCase" classname="com.alg.test.executionengine.Executor" time="6.035">
    <failure type="java.lang.AssertionError">java.lang.AssertionError
	at com.alg.test.executionengine.Executor.testCase(Executor.java:174)
</failure>
    <system-err><![CDATA[Starting ChromeDriver 2.29.461591 (62ebf098771772160f391d75e589dc567915b233) on port 7697
Only local connections are allowed.
Feb 19, 2018 1:43:01 PM org.openqa.selenium.remote.ProtocolHandshake createSession
INFO: Detected dialect: OSS
Feb 19, 2018 1:43:02 PM org.openqa.selenium.remote.ProtocolHandshake createSession
INFO: Detected dialect: OSS
]]></system-err>
  </testcase>
  <testcase name="testCase" classname="com.alg.test.executionengine.Executor" time="0.634">
    <failure type="java.lang.AssertionError">java.lang.AssertionError
	at com.alg.test.executionengine.Executor.testCase(Executor.java:174)
</failure>
    <system-err><![CDATA[Starting ChromeDriver 2.29.461591 (62ebf098771772160f391d75e589dc567915b233) on port 23704
Only local connections are allowed.
]]></system-err>
  </testcase>
  <testcase name="testCase" classname="com.alg.test.executionengine.Executor" time="0.467">
    <failure type="java.lang.AssertionError">java.lang.AssertionError
	at com.alg.test.executionengine.Executor.testCase(Executor.java:174)
</failure>
    <system-err><![CDATA[Starting ChromeDriver 2.29.461591 (62ebf098771772160f391d75e589dc567915b233) on port 41230
Only local connections are allowed.
]]></system-err>
  </testcase>
  <testcase name="testCase" classname="com.alg.test.executionengine.Executor" time="8.089">
    <failure type="java.lang.AssertionError">java.lang.AssertionError
	at com.alg.test.executionengine.Executor.testCase(Executor.java:174)
</failure>
    <system-err><![CDATA[Starting ChromeDriver 2.29.461591 (62ebf098771772160f391d75e589dc567915b233) on port 47302
Only local connections are allowed.
Feb 19, 2018 1:43:08 PM org.openqa.selenium.remote.ProtocolHandshake createSession
INFO: Detected dialect: OSS
Feb 19, 2018 1:43:09 PM org.openqa.selenium.remote.ProtocolHandshake createSession
INFO: Detected dialect: OSS
Feb 19, 2018 1:43:10 PM org.openqa.selenium.remote.ProtocolHandshake createSession
INFO: Detected dialect: OSS
]]></system-err>
  </testcase>
  <testcase name="testCase" classname="com.alg.test.executionengine.Executor" time="0.774">
    <failure type="java.lang.AssertionError">java.lang.AssertionError
	at com.alg.test.executionengine.Executor.testCase(Executor.java:174)
</failure>
    <system-err><![CDATA[Starting ChromeDriver 2.29.461591 (62ebf098771772160f391d75e589dc567915b233) on port 22466
Only local connections are allowed.
]]></system-err>
  </testcase>
  <testcase name="testCase" classname="com.alg.test.executionengine.Executor" time="1.662">
    <failure type="java.lang.AssertionError">java.lang.AssertionError
	at com.alg.test.executionengine.Executor.testCase(Executor.java:174)
</failure>
    <system-err><![CDATA[Starting ChromeDriver 2.29.461591 (62ebf098771772160f391d75e589dc567915b233) on port 18717
Only local connections are allowed.
]]></system-err>
  </testcase>
  <testcase name="testCase" classname="com.alg.test.executionengine.Executor" time="9.393">
    <failure type="java.lang.AssertionError">java.lang.AssertionError
	at com.alg.test.executionengine.Executor.testCase(Executor.java:174)
</failure>
    <system-err><![CDATA[Feb 19, 2018 1:43:19 PM org.openqa.selenium.remote.ProtocolHandshake createSession
INFO: Detected dialect: OSS
Feb 19, 2018 1:43:20 PM org.openqa.selenium.remote.ProtocolHandshake createSession
INFO: Detected dialect: OSS
]]></system-err>
  </testcase>
  <testcase name="testCase" classname="com.alg.test.executionengine.Executor" time="9.549">
    <failure type="java.lang.AssertionError">java.lang.AssertionError
	at com.alg.test.executionengine.Executor.testCase(Executor.java:174)
</failure>
  </testcase>
</testsuite>